2023-01-27 12:01:23,057 [INFO ] LogHelper - HHH000204: Processing PersistenceUnitInfo [name: pu]
2023-01-27 12:01:23,120 [INFO ] Version - HHH000412: Hibernate ORM core version 5.5.7.Final
2023-01-27 12:01:23,382 [INFO ] Version - HCANN000001: Hibernate Commons Annotations {5.1.2.Final}
2023-01-27 12:01:23,742 [WARN ] pooling - HHH10001002: Using Hibernate built-in connection pool (not for production use!)
2023-01-27 12:01:23,748 [INFO ] pooling - HHH10001005: using driver [org.postgresql.Driver] at URL [jdbc:postgresql://localhost:5432/megamovies]
2023-01-27 12:01:23,749 [INFO ] pooling - HHH10001001: Connection properties: {password=****, user=postgres}
2023-01-27 12:01:23,749 [INFO ] pooling - HHH10001003: Autocommit mode: false
2023-01-27 12:01:23,752 [INFO ] DriverManagerConnectionProviderImpl - HHH000115: Hibernate connection pool size: 20 (min=1)
2023-01-27 12:01:23,940 [INFO ] Dialect - HHH000400: Using dialect: org.hibernate.dialect.PostgreSQL10Dialect
2023-01-27 12:01:24,341 [INFO ] Version - HV000001: Hibernate Validator 6.2.0.Final
2023-01-27 12:01:25,124 [INFO ] JtaPlatformInitiator - HHH000490: Using JtaPlatform implementation: [org.hibernate.engine.transaction.jta.platform.internal.NoJtaPlatform]
2023-01-27 12:05:59,186 [INFO ] LogHelper - HHH000204: Processing PersistenceUnitInfo [name: pu]
2023-01-27 12:05:59,239 [INFO ] Version - HHH000412: Hibernate ORM core version 5.5.7.Final
2023-01-27 12:05:59,427 [INFO ] Version - HCANN000001: Hibernate Commons Annotations {5.1.2.Final}
2023-01-27 12:05:59,802 [WARN ] pooling - HHH10001002: Using Hibernate built-in connection pool (not for production use!)
2023-01-27 12:05:59,807 [INFO ] pooling - HHH10001005: using driver [org.postgresql.Driver] at URL [jdbc:postgresql://localhost:5432/megamovies]
2023-01-27 12:05:59,807 [INFO ] pooling - HHH10001001: Connection properties: {password=****, user=postgres}
2023-01-27 12:05:59,807 [INFO ] pooling - HHH10001003: Autocommit mode: false
2023-01-27 12:05:59,810 [INFO ] DriverManagerConnectionProviderImpl - HHH000115: Hibernate connection pool size: 20 (min=1)
2023-01-27 12:05:59,969 [INFO ] Dialect - HHH000400: Using dialect: org.hibernate.dialect.PostgreSQL10Dialect
2023-01-27 12:06:00,336 [INFO ] Version - HV000001: Hibernate Validator 6.2.0.Final
2023-01-27 12:06:00,932 [INFO ] JtaPlatformInitiator - HHH000490: Using JtaPlatform implementation: [org.hibernate.engine.transaction.jta.platform.internal.NoJtaPlatform]
