2023-01-27 11:52:33,263 [INFO ] LogHelper - HHH000204: Processing PersistenceUnitInfo [name: pu]
2023-01-27 11:52:33,315 [INFO ] Version - HHH000412: Hibernate ORM core version 5.5.7.Final
2023-01-27 11:52:33,511 [INFO ] Version - HCANN000001: Hibernate Commons Annotations {5.1.2.Final}
2023-01-27 11:52:33,895 [WARN ] pooling - HHH10001002: Using Hibernate built-in connection pool (not for production use!)
2023-01-27 11:52:33,901 [INFO ] pooling - HHH10001005: using driver [org.postgresql.Driver] at URL [jdbc:postgresql://localhost:5432/megamovies]
2023-01-27 11:52:33,901 [INFO ] pooling - HHH10001001: Connection properties: {password=****, user=postgres}
2023-01-27 11:52:33,901 [INFO ] pooling - HHH10001003: Autocommit mode: false
2023-01-27 11:52:33,904 [INFO ] DriverManagerConnectionProviderImpl - HHH000115: Hibernate connection pool size: 20 (min=1)
2023-01-27 11:52:34,055 [INFO ] Dialect - HHH000400: Using dialect: org.hibernate.dialect.PostgreSQL10Dialect
2023-01-27 11:52:34,436 [INFO ] Version - HV000001: Hibernate Validator 6.2.0.Final
2023-01-27 11:52:35,031 [INFO ] JtaPlatformInitiator - HHH000490: Using JtaPlatform implementation: [org.hibernate.engine.transaction.jta.platform.internal.NoJtaPlatform]
2023-01-27 11:53:57,861 [INFO ] LogHelper - HHH000204: Processing PersistenceUnitInfo [name: pu]
2023-01-27 11:53:57,913 [INFO ] Version - HHH000412: Hibernate ORM core version 5.5.7.Final
2023-01-27 11:53:58,111 [INFO ] Version - HCANN000001: Hibernate Commons Annotations {5.1.2.Final}
2023-01-27 11:53:58,479 [WARN ] pooling - HHH10001002: Using Hibernate built-in connection pool (not for production use!)
2023-01-27 11:53:58,484 [INFO ] pooling - HHH10001005: using driver [org.postgresql.Driver] at URL [jdbc:postgresql://localhost:5432/megamovies]
2023-01-27 11:53:58,484 [INFO ] pooling - HHH10001001: Connection properties: {password=****, user=postgres}
2023-01-27 11:53:58,484 [INFO ] pooling - HHH10001003: Autocommit mode: false
2023-01-27 11:53:58,486 [INFO ] DriverManagerConnectionProviderImpl - HHH000115: Hibernate connection pool size: 20 (min=1)
2023-01-27 11:53:58,646 [INFO ] Dialect - HHH000400: Using dialect: org.hibernate.dialect.PostgreSQL10Dialect
2023-01-27 11:53:59,014 [INFO ] Version - HV000001: Hibernate Validator 6.2.0.Final
2023-01-27 11:53:59,600 [INFO ] JtaPlatformInitiator - HHH000490: Using JtaPlatform implementation: [org.hibernate.engine.transaction.jta.platform.internal.NoJtaPlatform]
2023-01-27 11:54:43,023 [INFO ] LogHelper - HHH000204: Processing PersistenceUnitInfo [name: pu]
2023-01-27 11:54:43,077 [INFO ] Version - HHH000412: Hibernate ORM core version 5.5.7.Final
2023-01-27 11:54:43,272 [INFO ] Version - HCANN000001: Hibernate Commons Annotations {5.1.2.Final}
2023-01-27 11:54:43,566 [WARN ] pooling - HHH10001002: Using Hibernate built-in connection pool (not for production use!)
2023-01-27 11:54:43,572 [INFO ] pooling - HHH10001005: using driver [org.postgresql.Driver] at URL [jdbc:postgresql://localhost:5432/megamovies]
2023-01-27 11:54:43,572 [INFO ] pooling - HHH10001001: Connection properties: {password=****, user=postgres}
2023-01-27 11:54:43,572 [INFO ] pooling - HHH10001003: Autocommit mode: false
2023-01-27 11:54:43,575 [INFO ] DriverManagerConnectionProviderImpl - HHH000115: Hibernate connection pool size: 20 (min=1)
2023-01-27 11:54:43,730 [INFO ] Dialect - HHH000400: Using dialect: org.hibernate.dialect.PostgreSQL10Dialect
2023-01-27 11:54:44,068 [INFO ] Version - HV000001: Hibernate Validator 6.2.0.Final
2023-01-27 11:54:44,671 [INFO ] JtaPlatformInitiator - HHH000490: Using JtaPlatform implementation: [org.hibernate.engine.transaction.jta.platform.internal.NoJtaPlatform]
2023-01-27 12:00:21,119 [INFO ] LogHelper - HHH000204: Processing PersistenceUnitInfo [name: pu]
2023-01-27 12:00:21,178 [INFO ] Version - HHH000412: Hibernate ORM core version 5.5.7.Final
2023-01-27 12:00:21,389 [INFO ] Version - HCANN000001: Hibernate Commons Annotations {5.1.2.Final}
2023-01-27 12:00:21,782 [WARN ] pooling - HHH10001002: Using Hibernate built-in connection pool (not for production use!)
2023-01-27 12:00:21,787 [INFO ] pooling - HHH10001005: using driver [org.postgresql.Driver] at URL [jdbc:postgresql://localhost:5432/megamovies]
2023-01-27 12:00:21,787 [INFO ] pooling - HHH10001001: Connection properties: {password=****, user=postgres}
2023-01-27 12:00:21,787 [INFO ] pooling - HHH10001003: Autocommit mode: false
2023-01-27 12:00:21,790 [INFO ] DriverManagerConnectionProviderImpl - HHH000115: Hibernate connection pool size: 20 (min=1)
2023-01-27 12:00:21,965 [INFO ] Dialect - HHH000400: Using dialect: org.hibernate.dialect.PostgreSQL10Dialect
2023-01-27 12:00:22,339 [INFO ] Version - HV000001: Hibernate Validator 6.2.0.Final
2023-01-27 12:00:22,975 [INFO ] JtaPlatformInitiator - HHH000490: Using JtaPlatform implementation: [org.hibernate.engine.transaction.jta.platform.internal.NoJtaPlatform]
